[ INFO ] [2017-06-19 10:53:39] com.greencloud.PosPlatformApplication [48] - Starting PosPlatformApplication v0.0.1-SNAPSHOT on YOGA2PRO with PID 3836 (D:\redis\springboot-pos\posPlatform\target\posPlatform.jar started by AJ23PWT in D:\redis\springboot-pos\posPlatform\target)
[ INFO ] [2017-06-19 10:53:39] com.greencloud.PosPlatformApplication [593] - No active profile set, falling back to default profiles: default
[ INFO ] [2017-06-19 10:53:39] org.springframework.boot.context.embedded.AnnotationConfigEmbeddedWebApplicationContext [583] - Refreshing org.springframework.boot.context.embedded.AnnotationConfigEmbeddedWebApplicationContext@7c1fb638: startup date [Mon Jun 19 10:53:39 CST 2017]; root of context hierarchy
[ INFO ] [2017-06-19 10:53:39] org.hibernate.validator.internal.util.Version [30] - HV000001: Hibernate Validator 5.3.5.Final
[ INFO ] [2017-06-19 10:53:40] org.springframework.data.repository.config.RepositoryConfigurationDelegate [165] - Multiple Spring Data modules found, entering strict repository configuration mode!
[ INFO ] [2017-06-19 10:53:41] org.springframework.context.support.PostProcessorRegistrationDelegate$BeanPostProcessorChecker [325] - Bean 'shiroConfiguration' of type [com.greencloud.config.ShiroConfiguration$$EnhancerBySpringCGLIB$$4141cadb] is not eligible for getting processed by all BeanPostProcessors (for example: not eligible for auto-proxying)
[ INFO ] [2017-06-19 10:53:41] org.springframework.context.support.PostProcessorRegistrationDelegate$BeanPostProcessorChecker [325] - Bean 'mybatis-org.mybatis.spring.boot.autoconfigure.MybatisProperties' of type [org.mybatis.spring.boot.autoconfigure.MybatisProperties] is not eligible for getting processed by all BeanPostProcessors (for example: not eligible for auto-proxying)
[ INFO ] [2017-06-19 10:53:41] org.springframework.context.support.PostProcessorRegistrationDelegate$BeanPostProcessorChecker [325] - Bean 'org.mybatis.spring.boot.autoconfigure.MybatisAutoConfiguration' of type [org.mybatis.spring.boot.autoconfigure.MybatisAutoConfiguration$$EnhancerBySpringCGLIB$$2d0ae724] is not eligible for getting processed by all BeanPostProcessors (for example: not eligible for auto-proxying)
[ INFO ] [2017-06-19 10:53:42] org.springframework.context.support.PostProcessorRegistrationDelegate$BeanPostProcessorChecker [325] - Bean 'druidDBConfig' of type [com.greencloud.config.DruidDBConfig$$EnhancerBySpringCGLIB$$990a767e] is not eligible for getting processed by all BeanPostProcessors (for example: not eligible for auto-proxying)
[ INFO ] [2017-06-19 10:53:42] com.greencloud.config.DruidDBConfig [79] - druidDataSource configuration start
[ INFO ] [2017-06-19 10:53:42] org.springframework.context.support.PostProcessorRegistrationDelegate$BeanPostProcessorChecker [325] - Bean 'dataSource' of type [com.alibaba.druid.pool.DruidDataSource] is not eligible for getting processed by all BeanPostProcessors (for example: not eligible for auto-proxying)
[ INFO ] [2017-06-19 10:53:42] org.springframework.context.support.PostProcessorRegistrationDelegate$BeanPostProcessorChecker [325] - Bean 'sqlSessionFactory' of type [org.apache.ibatis.session.defaults.DefaultSqlSessionFactory] is not eligible for getting processed by all BeanPostProcessors (for example: not eligible for auto-proxying)
[ INFO ] [2017-06-19 10:53:42] org.springframework.context.support.PostProcessorRegistrationDelegate$BeanPostProcessorChecker [325] - Bean 'sqlSessionTemplate' of type [org.mybatis.spring.SqlSessionTemplate] is not eligible for getting processed by all BeanPostProcessors (for example: not eligible for auto-proxying)
[ INFO ] [2017-06-19 10:53:42] org.springframework.context.support.PostProcessorRegistrationDelegate$BeanPostProcessorChecker [325] - Bean 'sysUserMapper' of type [org.mybatis.spring.mapper.MapperFactoryBean] is not eligible for getting processed by all BeanPostProcessors (for example: not eligible for auto-proxying)
[ INFO ] [2017-06-19 10:53:42] org.springframework.context.support.PostProcessorRegistrationDelegate$BeanPostProcessorChecker [325] - Bean 'sysUserMapper' of type [com.sun.proxy.$Proxy58] is not eligible for getting processed by all BeanPostProcessors (for example: not eligible for auto-proxying)
[ INFO ] [2017-06-19 10:53:42] org.springframework.context.support.PostProcessorRegistrationDelegate$BeanPostProcessorChecker [325] - Bean 'sysUserService' of type [com.greencloud.service.SysUserService] is not eligible for getting processed by all BeanPostProcessors (for example: not eligible for auto-proxying)
[ INFO ] [2017-06-19 10:53:42] org.apache.shiro.realm.AuthorizingRealm [248] - No cache or cacheManager properties have been set.  Authorization cache cannot be obtained.
[ INFO ] [2017-06-19 10:53:42] org.springframework.context.support.PostProcessorRegistrationDelegate$BeanPostProcessorChecker [325] - Bean 'myShiroRealm' of type [com.greencloud.config.MyShiroRealm] is not eligible for getting processed by all BeanPostProcessors (for example: not eligible for auto-proxying)
[ INFO ] [2017-06-19 10:53:42] org.springframework.context.support.PostProcessorRegistrationDelegate$BeanPostProcessorChecker [325] - Bean 'securityManager' of type [org.apache.shiro.web.mgt.DefaultWebSecurityManager] is not eligible for getting processed by all BeanPostProcessors (for example: not eligible for auto-proxying)
[ INFO ] [2017-06-19 10:53:42] com.greencloud.config.ShiroConfiguration [73] - ##################从数据库读取权限规则，加载到shiroFilter中##################
[ INFO ] [2017-06-19 10:53:42] org.springframework.context.support.PostProcessorRegistrationDelegate$BeanPostProcessorChecker [325] - Bean 'jsonToMapper' of type [com.greencloud.config.JsonToMapper] is not eligible for getting processed by all BeanPostProcessors (for example: not eligible for auto-proxying)
[ INFO ] [2017-06-19 10:53:42] org.springframework.context.support.PostProcessorRegistrationDelegate$BeanPostProcessorChecker [325] - Bean 'sysParamet' of type [com.greencloud.config.SysParamet] is not eligible for getting processed by all BeanPostProcessors (for example: not eligible for auto-proxying)
[ INFO ] [2017-06-19 10:53:42] org.springframework.context.support.PostProcessorRegistrationDelegate$BeanPostProcessorChecker [325] - Bean 'currencyConfiguration' of type [com.greencloud.config.CurrencyConfiguration$$EnhancerBySpringCGLIB$$c24080e1] is not eligible for getting processed by all BeanPostProcessors (for example: not eligible for auto-proxying)
[ INFO ] [2017-06-19 10:53:42] com.greencloud.config.CurrencyConfiguration [76] - 初始化druid-spring监控
[ INFO ] [2017-06-19 10:53:42] org.springframework.context.support.PostProcessorRegistrationDelegate$BeanPostProcessorChecker [325] - Bean 'getAuthorizationAttributeSourceAdvisor' of type [org.apache.shiro.spring.security.interceptor.AuthorizationAttributeSourceAdvisor] is not eligible for getting processed by all BeanPostProcessors (for example: not eligible for auto-proxying)
[ INFO ] [2017-06-19 10:53:43] org.springframework.context.support.PostProcessorRegistrationDelegate$BeanPostProcessorChecker [325] - Bean 'org.springframework.transaction.annotation.ProxyTransactionManagementConfiguration' of type [org.springframework.transaction.annotation.ProxyTransactionManagementConfiguration$$EnhancerBySpringCGLIB$$fa3695f4] is not eligible for getting processed by all BeanPostProcessors (for example: not eligible for auto-proxying)
[ INFO ] [2017-06-19 10:53:43] org.springframework.context.support.PostProcessorRegistrationDelegate$BeanPostProcessorChecker [325] - Bean 'redisConfig' of type [com.greencloud.config.RedisConfig$$EnhancerBySpringCGLIB$$a4d09bd9] is not eligible for getting processed by all BeanPostProcessors (for example: not eligible for auto-proxying)
[ INFO ] [2017-06-19 10:53:43] org.springframework.context.support.PostProcessorRegistrationDelegate$BeanPostProcessorChecker [325] - Bean 'org.springframework.cache.annotation.ProxyCachingConfiguration' of type [org.springframework.cache.annotation.ProxyCachingConfiguration$$EnhancerBySpringCGLIB$$4348cc12] is not eligible for getting processed by all BeanPostProcessors (for example: not eligible for auto-proxying)
[ INFO ] [2017-06-19 10:53:44] org.springframework.boot.context.embedded.tomcat.TomcatEmbeddedServletContainer [89] - Tomcat initialized with port(s): 8081 (http)
[ INFO ] [2017-06-19 10:53:44] org.apache.catalina.core.StandardService [179] - Starting service [Tomcat]
[ INFO ] [2017-06-19 10:53:44] org.apache.catalina.core.StandardEngine [179] - Starting Servlet Engine: Apache Tomcat/8.5.15
[ INFO ] [2017-06-19 10:53:45] org.apache.jasper.servlet.TldScanner [179] - At least one JAR was scanned for TLDs yet contained no TLDs. Enable debug logging for this logger for a complete list of JARs that were scanned but no TLDs were found in them. Skipping unneeded JARs during scanning can improve startup time and JSP compilation time.
[ INFO ] [2017-06-19 10:53:46] org.apache.catalina.core.ContainerBase.[Tomcat].[localhost].[/] [179] - Initializing Spring embedded WebApplicationContext
[ INFO ] [2017-06-19 10:53:46] org.springframework.web.context.ContextLoader [276] - Root WebApplicationContext: initialization completed in 6739 ms
[ INFO ] [2017-06-19 10:53:47] org.springframework.boot.web.servlet.ServletRegistrationBean [190] - Mapping servlet: 'dispatcherServlet' to [/]
[ INFO ] [2017-06-19 10:53:47] org.springframework.boot.web.servlet.ServletRegistrationBean [190] - Mapping servlet: 'com.greencloud.servlet.DruidStatViewServlet' to [/druid/*]
[ INFO ] [2017-06-19 10:53:47] org.springframework.boot.web.servlet.FilterRegistrationBean [258] - Mapping filter: 'characterEncodingFilter' to: [/*]
[ INFO ] [2017-06-19 10:53:47] org.springframework.boot.web.servlet.FilterRegistrationBean [258] - Mapping filter: 'springSessionRepositoryFilter' to: [/*]
[ INFO ] [2017-06-19 10:53:47] org.springframework.boot.web.servlet.FilterRegistrationBean [258] - Mapping filter: 'hiddenHttpMethodFilter' to: [/*]
[ INFO ] [2017-06-19 10:53:47] org.springframework.boot.web.servlet.FilterRegistrationBean [258] - Mapping filter: 'httpPutFormContentFilter' to: [/*]
[ INFO ] [2017-06-19 10:53:47] org.springframework.boot.web.servlet.FilterRegistrationBean [258] - Mapping filter: 'requestContextFilter' to: [/*]
[ INFO ] [2017-06-19 10:53:47] org.springframework.boot.web.servlet.FilterRegistrationBean [271] - Mapping filter: 'druidWebStatFilter' to urls: [/*]
[ INFO ] [2017-06-19 10:53:47] org.springframework.boot.web.servlet.FilterRegistrationBean [258] - Mapping filter: 'shiroFilter' to: [/*]
[ INFO ] [2017-06-19 10:53:48] com.greencloud.config.CurrencyConfiguration [39] - json格式化配置
[ INFO ] [2017-06-19 10:53:48] com.greencloud.config.CurrencyConfiguration [51] - 文件上传配置
[ INFO ] [2017-06-19 10:53:49] org.springframework.web.servlet.mvc.method.annotation.RequestMappingHandlerAdapter [534] - Looking for @ControllerAdvice: org.springframework.boot.context.embedded.AnnotationConfigEmbeddedWebApplicationContext@7c1fb638: startup date [Mon Jun 19 10:53:39 CST 2017]; root of context hierarchy
[ INFO ] [2017-06-19 10:53:50] com.greencloud.config.CurrencyConfiguration [63] - 初始化spring拦截器MyInterceptor---暂时不配置
[ INFO ] [2017-06-19 10:53:50] org.springframework.web.servlet.mvc.method.annotation.RequestMappingHandlerMapping [543] - Mapped "{[/]}" onto java.lang.String com.greencloud.PosPlatformApplication.home()
[ INFO ] [2017-06-19 10:53:50] org.springframework.web.servlet.mvc.method.annotation.RequestMappingHandlerMapping [543] - Mapped "{[/auth/unauthorized]}" onto public java.lang.String com.greencloud.controller.AuthController.unauthorized()
[ INFO ] [2017-06-19 10:53:50] org.springframework.web.servlet.mvc.method.annotation.RequestMappingHandlerMapping [543] - Mapped "{[/learn]}" onto public org.springframework.web.servlet.ModelAndView com.greencloud.controller.LearnResourceController.index()
[ INFO ] [2017-06-19 10:53:50] org.springframework.web.servlet.mvc.method.annotation.RequestMappingHandlerMapping [543] - Mapped "{[/login]}" onto public com.greencloud.config.ResultData com.greencloud.controller.SysUserController.login(com.greencloud.dao.vo.SysUser)
[ INFO ] [2017-06-19 10:53:50] org.springframework.web.servlet.mvc.method.annotation.RequestMappingHandlerMapping [543] - Mapped "{[/updateSysUser]}" onto public com.greencloud.config.ResultData com.greencloud.controller.SysUserController.updateSysUser(com.greencloud.dao.vo.SysUser)
[ INFO ] [2017-06-19 10:53:50] org.springframework.web.servlet.mvc.method.annotation.RequestMappingHandlerMapping [543] - Mapped "{[/lockSysUser]}" onto public com.greencloud.config.ResultData com.greencloud.controller.SysUserController.lockSysUser(com.greencloud.dao.vo.SysUser)
[ INFO ] [2017-06-19 10:53:50] org.springframework.web.servlet.mvc.method.annotation.RequestMappingHandlerMapping [543] - Mapped "{[/unLockSysUser]}" onto public com.greencloud.config.ResultData com.greencloud.controller.SysUserController.unLockSysUser(com.greencloud.dao.vo.SysUser)
[ INFO ] [2017-06-19 10:53:50] org.springframework.web.servlet.mvc.method.annotation.RequestMappingHandlerMapping [543] - Mapped "{[/addSysUser]}" onto public com.greencloud.config.ResultData com.greencloud.controller.SysUserController.addSysUser(com.greencloud.dao.vo.SysUser)
[ INFO ] [2017-06-19 10:53:50] org.springframework.web.servlet.mvc.method.annotation.RequestMappingHandlerMapping [543] - Mapped "{[/test/getWechatTest]}" onto public org.springframework.web.servlet.ModelAndView com.greencloud.controller.TestController.getPosWxPluNote(java.lang.String,java.lang.String,java.lang.String,javax.servlet.http.HttpServletResponse) throws java.lang.Exception
[ INFO ] [2017-06-19 10:53:50] org.springframework.web.servlet.mvc.method.annotation.RequestMappingHandlerMapping [543] - Mapped "{[/test/test1]}" onto public com.greencloud.config.ResultData com.greencloud.controller.TestController.testController()
[ INFO ] [2017-06-19 10:53:50] org.springframework.web.servlet.mvc.method.annotation.RequestMappingHandlerMapping [543] - Mapped "{[/test/test2]}" onto public java.lang.String com.greencloud.controller.TestController.testControllerTest()
[ INFO ] [2017-06-19 10:53:50] org.springframework.web.servlet.mvc.method.annotation.RequestMappingHandlerMapping [543] - Mapped "{[/test/addWechatTest]}" onto public org.springframework.web.servlet.ModelAndView com.greencloud.controller.TestController.addPosWxResMaster(javax.servlet.http.HttpServletRequest,javax.servlet.http.HttpServletResponse)
[ INFO ] [2017-06-19 10:53:50] org.springframework.web.servlet.mvc.method.annotation.RequestMappingHandlerMapping [543] - Mapped "{[/error]}" onto public org.springframework.http.ResponseEntity<java.util.Map<java.lang.String, java.lang.Object>> org.springframework.boot.autoconfigure.web.BasicErrorController.error(javax.servlet.http.HttpServletRequest)
[ INFO ] [2017-06-19 10:53:50] org.springframework.web.servlet.mvc.method.annotation.RequestMappingHandlerMapping [543] - Mapped "{[/error],produces=[text/html]}" onto public org.springframework.web.servlet.ModelAndView org.springframework.boot.autoconfigure.web.BasicErrorController.errorHtml(javax.servlet.http.HttpServletRequest,javax.servlet.http.HttpServletResponse)
[ INFO ] [2017-06-19 10:53:50] org.springframework.web.servlet.handler.SimpleUrlHandlerMapping [362] - Mapped URL path [/webjars/**] onto handler of type [class org.springframework.web.servlet.resource.ResourceHttpRequestHandler]
[ INFO ] [2017-06-19 10:53:50] org.springframework.web.servlet.handler.SimpleUrlHandlerMapping [362] - Mapped URL path [/**] onto handler of type [class org.springframework.web.servlet.resource.ResourceHttpRequestHandler]
[ INFO ] [2017-06-19 10:53:50] org.springframework.web.servlet.handler.SimpleUrlHandlerMapping [362] - Mapped URL path [/**/favicon.ico] onto handler of type [class org.springframework.web.servlet.resource.ResourceHttpRequestHandler]
[ INFO ] [2017-06-19 10:53:52] org.springframework.jmx.export.annotation.AnnotationMBeanExporter [431] - Registering beans for JMX exposure on startup
[ INFO ] [2017-06-19 10:53:52] org.springframework.jmx.export.annotation.AnnotationMBeanExporter [916] - Bean with name 'dataSource' has been autodetected for JMX exposure
[ INFO ] [2017-06-19 10:53:52] org.springframework.jmx.export.annotation.AnnotationMBeanExporter [671] - Located MBean 'dataSource': registering with JMX server as MBean [com.alibaba.druid.pool:name=dataSource,type=DruidDataSource]
[ INFO ] [2017-06-19 10:53:52] org.springframework.context.support.DefaultLifecycleProcessor [343] - Starting beans in phase 2147483647
[ INFO ] [2017-06-19 10:53:52] org.springframework.scheduling.annotation.ScheduledAnnotationBeanPostProcessor [262] - No TaskScheduler/ScheduledExecutorService bean found for scheduled processing
[ INFO ] [2017-06-19 10:53:52] org.apache.coyote.http11.Http11NioProtocol [179] - Initializing ProtocolHandler ["http-nio-8081"]
[ INFO ] [2017-06-19 10:53:52] org.apache.coyote.http11.Http11NioProtocol [179] - Starting ProtocolHandler ["http-nio-8081"]
[ INFO ] [2017-06-19 10:53:52] org.apache.tomcat.util.net.NioSelectorPool [179] - Using a shared selector for servlet write/read
[ INFO ] [2017-06-19 10:53:52] org.springframework.boot.context.embedded.tomcat.TomcatEmbeddedServletContainer [201] - Tomcat started on port(s): 8081 (http)
[ INFO ] [2017-06-19 10:53:52] com.greencloud.PosPlatformApplication [57] - Started PosPlatformApplication in 13.878 seconds (JVM running for 14.721)
[ INFO ] [2017-06-19 10:54:44] org.apache.catalina.core.ContainerBase.[Tomcat].[localhost].[/] [179] - Initializing Spring FrameworkServlet 'dispatcherServlet'
[ INFO ] [2017-06-19 10:54:44] org.springframework.web.servlet.DispatcherServlet [489] - FrameworkServlet 'dispatcherServlet': initialization started
[ INFO ] [2017-06-19 10:54:44] org.springframework.web.servlet.DispatcherServlet [508] - FrameworkServlet 'dispatcherServlet': initialization completed in 32 ms
[ INFO ] [2017-06-19 10:54:44] com.greencloud.aop.ControllerAop [99] - -------【方法 com.greencloud.controller.SysUserController.login() 执行开始】.....
[ INFO ] [2017-06-19 10:54:44] com.greencloud.aop.ControllerAop [107] - 记录日志:登录系统
[ INFO ] [2017-06-19 10:54:44] com.greencloud.aop.ControllerAop [56] - ---------方法执行前执行.....
[ INFO ] [2017-06-19 10:54:44] com.greencloud.controller.SysUserController [63] - 对用户[admin]进行登录验证..验证开始
[ INFO ] [2017-06-19 10:54:44] com.greencloud.config.MyShiroRealm [55] - 验证当前Subject时获取到token为：org.apache.shiro.authc.UsernamePasswordToken@c6902a7[
  username=admin
  password={L,l,f,6,7,8,r,V,J,n,v,T,k,Z,d,k,8,C,M,a,H,v,+,s,2,0,w,a,3,7,z,z,P,i,d,t,D,j,Q,j,7,c,E,=}
  rememberMe=false
  host=<null>
]
[ INFO ] [2017-06-19 10:54:45] com.alibaba.druid.pool.DruidDataSource [785] - {dataSource-1} inited
[ DEBUG] [2017-06-19 10:54:45] druid.sql.ResultSet [142] - {conn-10005, pstmt-20000, rs-50000} open
[ DEBUG] [2017-06-19 10:54:45] druid.sql.ResultSet [142] - {conn-10005, pstmt-20000, rs-50000} Header: [id_, account_, password_, sex_, user_name, avatar_, user_type, dept_id, locked_, usable_, create_time]
[ DEBUG] [2017-06-19 10:54:45] druid.sql.ResultSet [142] - {conn-10005, pstmt-20000, rs-50000} Result: [2, admin, Llf678rVJnvTkZdk8CMaHv+s20wa37zzPidtDjQj7cE=, 0, admin, null, 3, 1, 1, 1, 2016-05-06 10:06:52.0]
[ DEBUG] [2017-06-19 10:54:45] druid.sql.ResultSet [142] - {conn-10005, pstmt-20000, rs-50000} closed
[ INFO ] [2017-06-19 10:54:45] com.greencloud.controller.SysUserController [65] - 对用户[admin]进行登录验证..验证通过
[ INFO ] [2017-06-19 10:54:45] com.greencloud.controller.SysUserController [100] - 用户[admin]登录认证通过(这里可以进行一些认证通过后的一些系统参数初始化操作)
[ DEBUG] [2017-06-19 10:54:45] druid.sql.ResultSet [142] - {conn-10005, pstmt-20001, rs-50001} open
[ DEBUG] [2017-06-19 10:54:45] druid.sql.ResultSet [142] - {conn-10005, pstmt-20001, rs-50001} Header: [id_, account_, password_, sex_, user_name, avatar_, user_type, dept_id, locked_, usable_, create_time]
[ DEBUG] [2017-06-19 10:54:45] druid.sql.ResultSet [142] - {conn-10005, pstmt-20001, rs-50001} Result: [2, admin, Llf678rVJnvTkZdk8CMaHv+s20wa37zzPidtDjQj7cE=, 0, admin, null, 3, 1, 1, 1, 2016-05-06 10:06:52.0]
[ DEBUG] [2017-06-19 10:54:45] druid.sql.ResultSet [142] - {conn-10005, pstmt-20001, rs-50001} closed
[ INFO ] [2017-06-19 10:54:45] com.greencloud.aop.ControllerAop [136] - 记录成功日志:登录系统-----成功！
[ INFO ] [2017-06-19 10:54:45] com.greencloud.aop.ControllerAop [142] - -------【方法 com.greencloud.controller.SysUserController.login() 执行结束】.....
[ INFO ] [2017-06-19 10:54:45] com.greencloud.aop.ControllerAop [71] - -------方法最后执行.....
[ INFO ] [2017-06-19 10:54:45] com.greencloud.aop.ControllerAop [61] - ---------方法执行完执行.....
