[ INFO ] [2017-06-19 11:04:11] com.greencloud.PosPlatformApplication [48] - Starting PosPlatformApplication on YOGA2PRO with PID 6416 (D:\redis\springboot-pos\posPlatform\target\classes started by AJ23PWT in D:\redis\springboot-pos\posPlatform)
[ INFO ] [2017-06-19 11:04:11] com.greencloud.PosPlatformApplication [593] - No active profile set, falling back to default profiles: default
[ INFO ] [2017-06-19 11:04:11] org.springframework.boot.context.embedded.AnnotationConfigEmbeddedWebApplicationContext [583] - Refreshing org.springframework.boot.context.embedded.AnnotationConfigEmbeddedWebApplicationContext@36c48d77: startup date [Mon Jun 19 11:04:11 CST 2017]; root of context hierarchy
[ INFO ] [2017-06-19 11:04:11] org.hibernate.validator.internal.util.Version [30] - HV000001: Hibernate Validator 5.3.5.Final
[ INFO ] [2017-06-19 11:04:12] org.springframework.data.repository.config.RepositoryConfigurationDelegate [165] - Multiple Spring Data modules found, entering strict repository configuration mode!
[ INFO ] [2017-06-19 11:04:12] org.springframework.context.support.PostProcessorRegistrationDelegate$BeanPostProcessorChecker [325] - Bean 'shiroConfiguration' of type [com.greencloud.config.ShiroConfiguration$$EnhancerBySpringCGLIB$$b3f5e992] is not eligible for getting processed by all BeanPostProcessors (for example: not eligible for auto-proxying)
[ INFO ] [2017-06-19 11:04:13] org.springframework.context.support.PostProcessorRegistrationDelegate$BeanPostProcessorChecker [325] - Bean 'mybatis-org.mybatis.spring.boot.autoconfigure.MybatisProperties' of type [org.mybatis.spring.boot.autoconfigure.MybatisProperties] is not eligible for getting processed by all BeanPostProcessors (for example: not eligible for auto-proxying)
[ INFO ] [2017-06-19 11:04:13] org.springframework.context.support.PostProcessorRegistrationDelegate$BeanPostProcessorChecker [325] - Bean 'org.mybatis.spring.boot.autoconfigure.MybatisAutoConfiguration' of type [org.mybatis.spring.boot.autoconfigure.MybatisAutoConfiguration$$EnhancerBySpringCGLIB$$9fbf05db] is not eligible for getting processed by all BeanPostProcessors (for example: not eligible for auto-proxying)
[ INFO ] [2017-06-19 11:04:13] org.springframework.context.support.PostProcessorRegistrationDelegate$BeanPostProcessorChecker [325] - Bean 'druidDBConfig' of type [com.greencloud.config.DruidDBConfig$$EnhancerBySpringCGLIB$$bbe9535] is not eligible for getting processed by all BeanPostProcessors (for example: not eligible for auto-proxying)
[ INFO ] [2017-06-19 11:04:13] com.greencloud.config.DruidDBConfig [79] - druidDataSource configuration start
[ INFO ] [2017-06-19 11:04:13] org.springframework.context.support.PostProcessorRegistrationDelegate$BeanPostProcessorChecker [325] - Bean 'dataSource' of type [com.alibaba.druid.pool.DruidDataSource] is not eligible for getting processed by all BeanPostProcessors (for example: not eligible for auto-proxying)
[ INFO ] [2017-06-19 11:04:13] org.springframework.context.support.PostProcessorRegistrationDelegate$BeanPostProcessorChecker [325] - Bean 'sqlSessionFactory' of type [org.apache.ibatis.session.defaults.DefaultSqlSessionFactory] is not eligible for getting processed by all BeanPostProcessors (for example: not eligible for auto-proxying)
[ INFO ] [2017-06-19 11:04:13] org.springframework.context.support.PostProcessorRegistrationDelegate$BeanPostProcessorChecker [325] - Bean 'sqlSessionTemplate' of type [org.mybatis.spring.SqlSessionTemplate] is not eligible for getting processed by all BeanPostProcessors (for example: not eligible for auto-proxying)
[ INFO ] [2017-06-19 11:04:13] org.springframework.context.support.PostProcessorRegistrationDelegate$BeanPostProcessorChecker [325] - Bean 'sysUserMapper' of type [org.mybatis.spring.mapper.MapperFactoryBean] is not eligible for getting processed by all BeanPostProcessors (for example: not eligible for auto-proxying)
[ INFO ] [2017-06-19 11:04:13] org.springframework.context.support.PostProcessorRegistrationDelegate$BeanPostProcessorChecker [325] - Bean 'sysUserMapper' of type [com.sun.proxy.$Proxy80] is not eligible for getting processed by all BeanPostProcessors (for example: not eligible for auto-proxying)
[ INFO ] [2017-06-19 11:04:13] org.springframework.context.support.PostProcessorRegistrationDelegate$BeanPostProcessorChecker [325] - Bean 'sysUserService' of type [com.greencloud.service.SysUserService] is not eligible for getting processed by all BeanPostProcessors (for example: not eligible for auto-proxying)
[ INFO ] [2017-06-19 11:04:13] org.apache.shiro.realm.AuthorizingRealm [248] - No cache or cacheManager properties have been set.  Authorization cache cannot be obtained.
[ INFO ] [2017-06-19 11:04:13] org.springframework.context.support.PostProcessorRegistrationDelegate$BeanPostProcessorChecker [325] - Bean 'myShiroRealm' of type [com.greencloud.config.MyShiroRealm] is not eligible for getting processed by all BeanPostProcessors (for example: not eligible for auto-proxying)
[ INFO ] [2017-06-19 11:04:13] org.springframework.context.support.PostProcessorRegistrationDelegate$BeanPostProcessorChecker [325] - Bean 'securityManager' of type [org.apache.shiro.web.mgt.DefaultWebSecurityManager] is not eligible for getting processed by all BeanPostProcessors (for example: not eligible for auto-proxying)
[ INFO ] [2017-06-19 11:04:13] com.greencloud.config.ShiroConfiguration [73] - ##################从数据库读取权限规则，加载到shiroFilter中##################
[ INFO ] [2017-06-19 11:04:13] org.springframework.context.support.PostProcessorRegistrationDelegate$BeanPostProcessorChecker [325] - Bean 'jsonToMapper' of type [com.greencloud.config.JsonToMapper] is not eligible for getting processed by all BeanPostProcessors (for example: not eligible for auto-proxying)
[ INFO ] [2017-06-19 11:04:13] org.springframework.context.support.PostProcessorRegistrationDelegate$BeanPostProcessorChecker [325] - Bean 'sysParamet' of type [com.greencloud.config.SysParamet] is not eligible for getting processed by all BeanPostProcessors (for example: not eligible for auto-proxying)
[ INFO ] [2017-06-19 11:04:13] org.springframework.context.support.PostProcessorRegistrationDelegate$BeanPostProcessorChecker [325] - Bean 'currencyConfiguration' of type [com.greencloud.config.CurrencyConfiguration$$EnhancerBySpringCGLIB$$34f49f98] is not eligible for getting processed by all BeanPostProcessors (for example: not eligible for auto-proxying)
[ INFO ] [2017-06-19 11:04:13] com.greencloud.config.CurrencyConfiguration [76] - 初始化druid-spring监控
[ INFO ] [2017-06-19 11:04:13] org.springframework.context.support.PostProcessorRegistrationDelegate$BeanPostProcessorChecker [325] - Bean 'getAuthorizationAttributeSourceAdvisor' of type [org.apache.shiro.spring.security.interceptor.AuthorizationAttributeSourceAdvisor] is not eligible for getting processed by all BeanPostProcessors (for example: not eligible for auto-proxying)
[ INFO ] [2017-06-19 11:04:13] org.springframework.context.support.PostProcessorRegistrationDelegate$BeanPostProcessorChecker [325] - Bean 'org.springframework.transaction.annotation.ProxyTransactionManagementConfiguration' of type [org.springframework.transaction.annotation.ProxyTransactionManagementConfiguration$$EnhancerBySpringCGLIB$$6ceab4ab] is not eligible for getting processed by all BeanPostProcessors (for example: not eligible for auto-proxying)
[ INFO ] [2017-06-19 11:04:14] org.springframework.context.support.PostProcessorRegistrationDelegate$BeanPostProcessorChecker [325] - Bean 'redisConfig' of type [com.greencloud.config.RedisConfig$$EnhancerBySpringCGLIB$$1784ba90] is not eligible for getting processed by all BeanPostProcessors (for example: not eligible for auto-proxying)
[ INFO ] [2017-06-19 11:04:14] org.springframework.context.support.PostProcessorRegistrationDelegate$BeanPostProcessorChecker [325] - Bean 'org.springframework.cache.annotation.ProxyCachingConfiguration' of type [org.springframework.cache.annotation.ProxyCachingConfiguration$$EnhancerBySpringCGLIB$$b5fceac9] is not eligible for getting processed by all BeanPostProcessors (for example: not eligible for auto-proxying)
[ INFO ] [2017-06-19 11:04:15] org.springframework.boot.context.embedded.tomcat.TomcatEmbeddedServletContainer [89] - Tomcat initialized with port(s): 8081 (http)
[ INFO ] [2017-06-19 11:04:15] org.apache.catalina.core.StandardService [179] - Starting service [Tomcat]
[ INFO ] [2017-06-19 11:04:15] org.apache.catalina.core.StandardEngine [179] - Starting Servlet Engine: Apache Tomcat/8.5.15
[ INFO ] [2017-06-19 11:04:15] org.apache.jasper.servlet.TldScanner [179] - At least one JAR was scanned for TLDs yet contained no TLDs. Enable debug logging for this logger for a complete list of JARs that were scanned but no TLDs were found in them. Skipping unneeded JARs during scanning can improve startup time and JSP compilation time.
[ INFO ] [2017-06-19 11:04:15] org.apache.catalina.core.ContainerBase.[Tomcat].[localhost].[/] [179] - Initializing Spring embedded WebApplicationContext
[ INFO ] [2017-06-19 11:04:15] org.springframework.web.context.ContextLoader [276] - Root WebApplicationContext: initialization completed in 4133 ms
[ INFO ] [2017-06-19 11:04:17] org.springframework.boot.web.servlet.ServletRegistrationBean [190] - Mapping servlet: 'dispatcherServlet' to [/]
[ INFO ] [2017-06-19 11:04:17] org.springframework.boot.web.servlet.ServletRegistrationBean [190] - Mapping servlet: 'com.greencloud.servlet.DruidStatViewServlet' to [/druid/*]
[ INFO ] [2017-06-19 11:04:17] org.springframework.boot.web.servlet.FilterRegistrationBean [258] - Mapping filter: 'characterEncodingFilter' to: [/*]
[ INFO ] [2017-06-19 11:04:17] org.springframework.boot.web.servlet.FilterRegistrationBean [258] - Mapping filter: 'springSessionRepositoryFilter' to: [/*]
[ INFO ] [2017-06-19 11:04:17] org.springframework.boot.web.servlet.FilterRegistrationBean [258] - Mapping filter: 'hiddenHttpMethodFilter' to: [/*]
[ INFO ] [2017-06-19 11:04:17] org.springframework.boot.web.servlet.FilterRegistrationBean [258] - Mapping filter: 'httpPutFormContentFilter' to: [/*]
[ INFO ] [2017-06-19 11:04:17] org.springframework.boot.web.servlet.FilterRegistrationBean [258] - Mapping filter: 'requestContextFilter' to: [/*]
[ INFO ] [2017-06-19 11:04:17] org.springframework.boot.web.servlet.FilterRegistrationBean [271] - Mapping filter: 'druidWebStatFilter' to urls: [/*]
[ INFO ] [2017-06-19 11:04:17] org.springframework.boot.web.servlet.FilterRegistrationBean [258] - Mapping filter: 'shiroFilter' to: [/*]
[ INFO ] [2017-06-19 11:04:18] com.greencloud.config.CurrencyConfiguration [39] - json格式化配置
[ INFO ] [2017-06-19 11:04:18] com.greencloud.config.CurrencyConfiguration [51] - 文件上传配置
[ INFO ] [2017-06-19 11:04:19] org.springframework.web.servlet.mvc.method.annotation.RequestMappingHandlerAdapter [534] - Looking for @ControllerAdvice: org.springframework.boot.context.embedded.AnnotationConfigEmbeddedWebApplicationContext@36c48d77: startup date [Mon Jun 19 11:04:11 CST 2017]; root of context hierarchy
[ INFO ] [2017-06-19 11:04:19] com.greencloud.config.CurrencyConfiguration [63] - 初始化spring拦截器MyInterceptor---暂时不配置
[ INFO ] [2017-06-19 11:04:20] org.springframework.web.servlet.mvc.method.annotation.RequestMappingHandlerMapping [543] - Mapped "{[/]}" onto java.lang.String com.greencloud.PosPlatformApplication.home()
[ INFO ] [2017-06-19 11:04:20] org.springframework.web.servlet.mvc.method.annotation.RequestMappingHandlerMapping [543] - Mapped "{[/auth/unauthorized]}" onto public java.lang.String com.greencloud.controller.AuthController.unauthorized()
[ INFO ] [2017-06-19 11:04:20] org.springframework.web.servlet.mvc.method.annotation.RequestMappingHandlerMapping [543] - Mapped "{[/learn]}" onto public org.springframework.web.servlet.ModelAndView com.greencloud.controller.LearnResourceController.index()
[ INFO ] [2017-06-19 11:04:20] org.springframework.web.servlet.mvc.method.annotation.RequestMappingHandlerMapping [543] - Mapped "{[/updateSysUser]}" onto public com.greencloud.config.ResultData com.greencloud.controller.SysUserController.updateSysUser(com.greencloud.dao.vo.SysUser)
[ INFO ] [2017-06-19 11:04:20] org.springframework.web.servlet.mvc.method.annotation.RequestMappingHandlerMapping [543] - Mapped "{[/addSysUser]}" onto public com.greencloud.config.ResultData com.greencloud.controller.SysUserController.addSysUser(com.greencloud.dao.vo.SysUser)
[ INFO ] [2017-06-19 11:04:20] org.springframework.web.servlet.mvc.method.annotation.RequestMappingHandlerMapping [543] - Mapped "{[/unLockSysUser]}" onto public com.greencloud.config.ResultData com.greencloud.controller.SysUserController.unLockSysUser(com.greencloud.dao.vo.SysUser)
[ INFO ] [2017-06-19 11:04:20] org.springframework.web.servlet.mvc.method.annotation.RequestMappingHandlerMapping [543] - Mapped "{[/login]}" onto public com.greencloud.config.ResultData com.greencloud.controller.SysUserController.login(com.greencloud.dao.vo.SysUser)
[ INFO ] [2017-06-19 11:04:20] org.springframework.web.servlet.mvc.method.annotation.RequestMappingHandlerMapping [543] - Mapped "{[/lockSysUser]}" onto public com.greencloud.config.ResultData com.greencloud.controller.SysUserController.lockSysUser(com.greencloud.dao.vo.SysUser)
[ INFO ] [2017-06-19 11:04:20] org.springframework.web.servlet.mvc.method.annotation.RequestMappingHandlerMapping [543] - Mapped "{[/test/test2]}" onto public java.lang.String com.greencloud.controller.TestController.testControllerTest()
[ INFO ] [2017-06-19 11:04:20] org.springframework.web.servlet.mvc.method.annotation.RequestMappingHandlerMapping [543] - Mapped "{[/test/addWechatTest]}" onto public org.springframework.web.servlet.ModelAndView com.greencloud.controller.TestController.addPosWxResMaster(javax.servlet.http.HttpServletRequest,javax.servlet.http.HttpServletResponse)
[ INFO ] [2017-06-19 11:04:20] org.springframework.web.servlet.mvc.method.annotation.RequestMappingHandlerMapping [543] - Mapped "{[/test/getWechatTest]}" onto public org.springframework.web.servlet.ModelAndView com.greencloud.controller.TestController.getPosWxPluNote(java.lang.String,java.lang.String,java.lang.String,javax.servlet.http.HttpServletResponse) throws java.lang.Exception
[ INFO ] [2017-06-19 11:04:20] org.springframework.web.servlet.mvc.method.annotation.RequestMappingHandlerMapping [543] - Mapped "{[/test/test1]}" onto public com.greencloud.config.ResultData com.greencloud.controller.TestController.testController()
[ INFO ] [2017-06-19 11:04:20] org.springframework.web.servlet.mvc.method.annotation.RequestMappingHandlerMapping [543] - Mapped "{[/error]}" onto public org.springframework.http.ResponseEntity<java.util.Map<java.lang.String, java.lang.Object>> org.springframework.boot.autoconfigure.web.BasicErrorController.error(javax.servlet.http.HttpServletRequest)
[ INFO ] [2017-06-19 11:04:20] org.springframework.web.servlet.mvc.method.annotation.RequestMappingHandlerMapping [543] - Mapped "{[/error],produces=[text/html]}" onto public org.springframework.web.servlet.ModelAndView org.springframework.boot.autoconfigure.web.BasicErrorController.errorHtml(javax.servlet.http.HttpServletRequest,javax.servlet.http.HttpServletResponse)
[ INFO ] [2017-06-19 11:04:20] org.springframework.web.servlet.handler.SimpleUrlHandlerMapping [362] - Mapped URL path [/webjars/**] onto handler of type [class org.springframework.web.servlet.resource.ResourceHttpRequestHandler]
[ INFO ] [2017-06-19 11:04:20] org.springframework.web.servlet.handler.SimpleUrlHandlerMapping [362] - Mapped URL path [/**] onto handler of type [class org.springframework.web.servlet.resource.ResourceHttpRequestHandler]
[ INFO ] [2017-06-19 11:04:20] org.springframework.web.servlet.handler.SimpleUrlHandlerMapping [362] - Mapped URL path [/**/favicon.ico] onto handler of type [class org.springframework.web.servlet.resource.ResourceHttpRequestHandler]
[ INFO ] [2017-06-19 11:04:22] org.springframework.jmx.export.annotation.AnnotationMBeanExporter [431] - Registering beans for JMX exposure on startup
[ INFO ] [2017-06-19 11:04:22] org.springframework.jmx.export.annotation.AnnotationMBeanExporter [916] - Bean with name 'dataSource' has been autodetected for JMX exposure
[ INFO ] [2017-06-19 11:04:22] org.springframework.jmx.export.annotation.AnnotationMBeanExporter [671] - Located MBean 'dataSource': registering with JMX server as MBean [com.alibaba.druid.pool:name=dataSource,type=DruidDataSource]
[ INFO ] [2017-06-19 11:04:22] org.springframework.context.support.DefaultLifecycleProcessor [343] - Starting beans in phase 2147483647
[ INFO ] [2017-06-19 11:04:22] org.springframework.scheduling.annotation.ScheduledAnnotationBeanPostProcessor [262] - No TaskScheduler/ScheduledExecutorService bean found for scheduled processing
[ INFO ] [2017-06-19 11:04:23] org.apache.coyote.http11.Http11NioProtocol [179] - Initializing ProtocolHandler ["http-nio-8081"]
[ INFO ] [2017-06-19 11:04:23] org.apache.coyote.http11.Http11NioProtocol [179] - Starting ProtocolHandler ["http-nio-8081"]
[ INFO ] [2017-06-19 11:04:23] org.apache.tomcat.util.net.NioSelectorPool [179] - Using a shared selector for servlet write/read
[ INFO ] [2017-06-19 11:04:23] org.springframework.boot.context.embedded.tomcat.TomcatEmbeddedServletContainer [201] - Tomcat started on port(s): 8081 (http)
[ INFO ] [2017-06-19 11:04:23] com.greencloud.PosPlatformApplication [57] - Started PosPlatformApplication in 12.13 seconds (JVM running for 18.933)
[ INFO ] [2017-06-19 11:05:12] org.apache.catalina.core.ContainerBase.[Tomcat].[localhost].[/] [179] - Initializing Spring FrameworkServlet 'dispatcherServlet'
[ INFO ] [2017-06-19 11:05:12] org.springframework.web.servlet.DispatcherServlet [489] - FrameworkServlet 'dispatcherServlet': initialization started
[ INFO ] [2017-06-19 11:05:12] org.springframework.web.servlet.DispatcherServlet [508] - FrameworkServlet 'dispatcherServlet': initialization completed in 32 ms
[ INFO ] [2017-06-19 11:05:12] com.greencloud.aop.ControllerAop [99] - -------【方法 com.greencloud.controller.TestController.addPosWxResMaster() 执行开始】.....
[ INFO ] [2017-06-19 11:05:12] com.greencloud.aop.ControllerAop [56] - ---------方法执行前执行.....
[ INFO ] [2017-06-19 11:05:12] com.alibaba.druid.pool.DruidDataSource [785] - {dataSource-1} inited
[ INFO ] [2017-06-19 11:05:12] com.greencloud.controller.TestController [98] - request信息  {"hotelGroupId":"1930","hotelId":"11425","resName":"测试","pccode":"100","shift":"1","bizDate":"2017-04-25","resDate":"2017-04-25 10:38:19","tableType":"002","gsts":"1","phone":"13455475327","info":"","cardno":"W0000000003","cardinfo":"张贤","openid":"ocDXxwnhQXhzXe41eKtEi2a6YLhw","appid":"wxc5bbe0ea1883b9ec","source":"wechat"}
[ INFO ] [2017-06-19 11:05:12] com.greencloud.aop.ControllerAop [142] - -------【方法 com.greencloud.controller.TestController.addPosWxResMaster() 执行结束】.....
[ INFO ] [2017-06-19 11:05:12] com.greencloud.aop.ControllerAop [71] - -------方法最后执行.....
[ INFO ] [2017-06-19 11:05:12] com.greencloud.aop.ControllerAop [61] - ---------方法执行完执行.....
